<?xml version="1.0" encoding="UTF-8"?>
<coverage generated="1526771440">
  <project timestamp="1526771440">
    <package name="AppBundle">
      <file name="/var/www/symfony/src/AppBundle/AppBundle.php">
        <class name="AppBundle" namespace="AppBundle">
          <metrics methods="0" coveredmethods="0" conditionals="0" coveredconditionals="0" statements="0" coveredstatements="0" elements="0" coveredelements="0"/>
        </class>
        <metrics loc="9" ncloc="9" classes="1" methods="0" coveredmethods="0" conditionals="0" coveredconditionals="0" statements="0" coveredstatements="0" elements="0" coveredelements="0"/>
      </file>
    </package>
    <package name="AppBundle\Controller">
      <file name="/var/www/symfony/src/AppBundle/Controller/BrandController.php">
        <class name="BrandController" namespace="AppBundle\Controller">
          <metrics methods="2" coveredmethods="0" conditionals="0" coveredconditionals="0" statements="20" coveredstatements="0" elements="22" coveredelements="0"/>
        </class>
        <line num="14" type="method" name="indexAction" crap="6" count="0"/>
        <line num="15" type="stmt" count="0"/>
        <line num="17" type="stmt" count="0"/>
        <line num="19" type="stmt" count="0"/>
        <line num="20" type="stmt" count="0"/>
        <line num="21" type="stmt" count="0"/>
        <line num="22" type="stmt" count="0"/>
        <line num="23" type="stmt" count="0"/>
        <line num="24" type="stmt" count="0"/>
        <line num="25" type="stmt" count="0"/>
        <line num="26" type="stmt" count="0"/>
        <line num="31" type="method" name="detailAction" crap="6" count="0"/>
        <line num="32" type="stmt" count="0"/>
        <line num="34" type="stmt" count="0"/>
        <line num="35" type="stmt" count="0"/>
        <line num="36" type="stmt" count="0"/>
        <line num="37" type="stmt" count="0"/>
        <line num="38" type="stmt" count="0"/>
        <line num="39" type="stmt" count="0"/>
        <line num="40" type="stmt" count="0"/>
        <line num="41" type="stmt" count="0"/>
        <line num="42" type="stmt" count="0"/>
        <metrics loc="44" ncloc="36" classes="1" methods="2" coveredmethods="0" conditionals="0" coveredconditionals="0" statements="20" coveredstatements="0" elements="22" coveredelements="0"/>
      </file>
      <file name="/var/www/symfony/src/AppBundle/Controller/CategoryController.php">
        <class name="CategoryController" namespace="AppBundle\Controller">
          <metrics methods="2" coveredmethods="0" conditionals="0" coveredconditionals="0" statements="20" coveredstatements="0" elements="22" coveredelements="0"/>
        </class>
        <line num="14" type="method" name="indexAction" crap="6" count="0"/>
        <line num="15" type="stmt" count="0"/>
        <line num="17" type="stmt" count="0"/>
        <line num="19" type="stmt" count="0"/>
        <line num="20" type="stmt" count="0"/>
        <line num="21" type="stmt" count="0"/>
        <line num="22" type="stmt" count="0"/>
        <line num="23" type="stmt" count="0"/>
        <line num="24" type="stmt" count="0"/>
        <line num="25" type="stmt" count="0"/>
        <line num="26" type="stmt" count="0"/>
        <line num="31" type="method" name="detailAction" crap="6" count="0"/>
        <line num="32" type="stmt" count="0"/>
        <line num="34" type="stmt" count="0"/>
        <line num="35" type="stmt" count="0"/>
        <line num="36" type="stmt" count="0"/>
        <line num="37" type="stmt" count="0"/>
        <line num="38" type="stmt" count="0"/>
        <line num="39" type="stmt" count="0"/>
        <line num="40" type="stmt" count="0"/>
        <line num="41" type="stmt" count="0"/>
        <line num="42" type="stmt" count="0"/>
        <metrics loc="44" ncloc="36" classes="1" methods="2" coveredmethods="0" conditionals="0" coveredconditionals="0" statements="20" coveredstatements="0" elements="22" coveredelements="0"/>
      </file>
      <file name="/var/www/symfony/src/AppBundle/Controller/DefaultController.php">
        <class name="DefaultController" namespace="AppBundle\Controller">
          <metrics methods="1" coveredmethods="0" conditionals="0" coveredconditionals="0" statements="5" coveredstatements="0" elements="6" coveredelements="0"/>
        </class>
        <line num="14" type="method" name="indexAction" crap="2" count="0"/>
        <line num="15" type="stmt" count="0"/>
        <line num="17" type="stmt" count="0"/>
        <line num="18" type="stmt" count="0"/>
        <line num="19" type="stmt" count="0"/>
        <line num="20" type="stmt" count="0"/>
        <metrics loc="22" ncloc="17" classes="1" methods="1" coveredmethods="0" conditionals="0" coveredconditionals="0" statements="5" coveredstatements="0" elements="6" coveredelements="0"/>
      </file>
      <file name="/var/www/symfony/src/AppBundle/Controller/ProductController.php">
        <class name="ProductController" namespace="AppBundle\Controller">
          <metrics methods="2" coveredmethods="0" conditionals="0" coveredconditionals="0" statements="14" coveredstatements="0" elements="16" coveredelements="0"/>
        </class>
        <line num="16" type="method" name="indexAction" crap="2" count="0"/>
        <line num="17" type="stmt" count="0"/>
        <line num="19" type="stmt" count="0"/>
        <line num="20" type="stmt" count="0"/>
        <line num="21" type="stmt" count="0"/>
        <line num="22" type="stmt" count="0"/>
        <line num="28" type="method" name="detailAction" crap="6" count="0"/>
        <line num="29" type="stmt" count="0"/>
        <line num="31" type="stmt" count="0"/>
        <line num="32" type="stmt" count="0"/>
        <line num="33" type="stmt" count="0"/>
        <line num="34" type="stmt" count="0"/>
        <line num="35" type="stmt" count="0"/>
        <line num="36" type="stmt" count="0"/>
        <line num="37" type="stmt" count="0"/>
        <line num="40" type="stmt" count="0"/>
        <metrics loc="40" ncloc="32" classes="1" methods="2" coveredmethods="0" conditionals="0" coveredconditionals="0" statements="14" coveredstatements="0" elements="16" coveredelements="0"/>
      </file>
    </package>
    <package name="AppBundle\DataFixtures\ORM">
      <file name="/var/www/symfony/src/AppBundle/DataFixtures/ORM/LoadBrandData.php">
        <class name="LoadBrandData" namespace="AppBundle\DataFixtures\ORM">
          <metrics methods="2" coveredmethods="0" conditionals="0" coveredconditionals="0" statements="13" coveredstatements="0" elements="15" coveredelements="0"/>
        </class>
        <line num="13" type="method" name="load" crap="6" count="0"/>
        <line num="14" type="stmt" count="0"/>
        <line num="15" type="stmt" count="0"/>
        <line num="16" type="stmt" count="0"/>
        <line num="17" type="stmt" count="0"/>
        <line num="18" type="stmt" count="0"/>
        <line num="19" type="stmt" count="0"/>
        <line num="20" type="stmt" count="0"/>
        <line num="21" type="stmt" count="0"/>
        <line num="22" type="stmt" count="0"/>
        <line num="23" type="stmt" count="0"/>
        <line num="25" type="method" name="getOrder" crap="2" count="0"/>
        <line num="26" type="stmt" count="0"/>
        <line num="27" type="stmt" count="0"/>
        <line num="28" type="stmt" count="0"/>
        <metrics loc="29" ncloc="29" classes="1" methods="2" coveredmethods="0" conditionals="0" coveredconditionals="0" statements="13" coveredstatements="0" elements="15" coveredelements="0"/>
      </file>
      <file name="/var/www/symfony/src/AppBundle/DataFixtures/ORM/LoadCategoryData.php">
        <class name="LoadCategoryData" namespace="AppBundle\DataFixtures\ORM">
          <metrics methods="2" coveredmethods="0" conditionals="0" coveredconditionals="0" statements="13" coveredstatements="0" elements="15" coveredelements="0"/>
        </class>
        <line num="13" type="method" name="load" crap="6" count="0"/>
        <line num="14" type="stmt" count="0"/>
        <line num="15" type="stmt" count="0"/>
        <line num="16" type="stmt" count="0"/>
        <line num="17" type="stmt" count="0"/>
        <line num="18" type="stmt" count="0"/>
        <line num="19" type="stmt" count="0"/>
        <line num="20" type="stmt" count="0"/>
        <line num="21" type="stmt" count="0"/>
        <line num="22" type="stmt" count="0"/>
        <line num="23" type="stmt" count="0"/>
        <line num="25" type="method" name="getOrder" crap="2" count="0"/>
        <line num="26" type="stmt" count="0"/>
        <line num="27" type="stmt" count="0"/>
        <line num="28" type="stmt" count="0"/>
        <metrics loc="29" ncloc="29" classes="1" methods="2" coveredmethods="0" conditionals="0" coveredconditionals="0" statements="13" coveredstatements="0" elements="15" coveredelements="0"/>
      </file>
      <file name="/var/www/symfony/src/AppBundle/DataFixtures/ORM/LoadProductData.php">
        <class name="LoadProductData" namespace="AppBundle\DataFixtures\ORM">
          <metrics methods="3" coveredmethods="0" conditionals="0" coveredconditionals="0" statements="27" coveredstatements="0" elements="30" coveredelements="0"/>
        </class>
        <line num="22" type="method" name="setContainer" crap="2" count="0"/>
        <line num="23" type="stmt" count="0"/>
        <line num="24" type="stmt" count="0"/>
        <line num="25" type="stmt" count="0"/>
        <line num="27" type="stmt" count="0"/>
        <line num="28" type="method" name="load" crap="20" count="0"/>
        <line num="29" type="stmt" count="0"/>
        <line num="31" type="stmt" count="0"/>
        <line num="34" type="stmt" count="0"/>
        <line num="36" type="stmt" count="0"/>
        <line num="37" type="stmt" count="0"/>
        <line num="39" type="stmt" count="0"/>
        <line num="40" type="stmt" count="0"/>
        <line num="41" type="stmt" count="0"/>
        <line num="42" type="stmt" count="0"/>
        <line num="43" type="stmt" count="0"/>
        <line num="44" type="stmt" count="0"/>
        <line num="45" type="stmt" count="0"/>
        <line num="46" type="stmt" count="0"/>
        <line num="48" type="stmt" count="0"/>
        <line num="49" type="stmt" count="0"/>
        <line num="50" type="stmt" count="0"/>
        <line num="52" type="stmt" count="0"/>
        <line num="53" type="stmt" count="0"/>
        <line num="54" type="stmt" count="0"/>
        <line num="55" type="stmt" count="0"/>
        <line num="56" type="stmt" count="0"/>
        <line num="58" type="stmt" count="0"/>
        <line num="59" type="method" name="getOrder" crap="2" count="0"/>
        <line num="60" type="stmt" count="0"/>
        <line num="61" type="stmt" count="0"/>
        <line num="62" type="stmt" count="0"/>
        <metrics loc="63" ncloc="58" classes="1" methods="3" coveredmethods="0" conditionals="0" coveredconditionals="0" statements="29" coveredstatements="0" elements="32" coveredelements="0"/>
      </file>
    </package>
    <package name="AppBundle\Entity">
      <file name="/var/www/symfony/src/AppBundle/Entity/Brand.php">
        <class name="Brand" namespace="AppBundle\Entity">
          <metrics methods="7" coveredmethods="4" conditionals="0" coveredconditionals="0" statements="10" coveredstatements="6" elements="17" coveredelements="10"/>
        </class>
        <line num="51" type="method" name="getId" crap="2" count="0"/>
        <line num="53" type="stmt" count="0"/>
        <line num="63" type="method" name="setName" crap="1" count="2"/>
        <line num="65" type="stmt" count="2"/>
        <line num="67" type="stmt" count="2"/>
        <line num="75" type="method" name="getName" crap="1" count="1"/>
        <line num="77" type="stmt" count="1"/>
        <line num="87" type="method" name="setSlugUrl" crap="1" count="2"/>
        <line num="89" type="stmt" count="2"/>
        <line num="91" type="stmt" count="2"/>
        <line num="99" type="method" name="getSlugUrl" crap="1" count="1"/>
        <line num="101" type="stmt" count="1"/>
        <line num="108" type="method" name="addProduct" crap="2" count="0"/>
        <line num="110" type="stmt" count="0"/>
        <line num="111" type="stmt" count="0"/>
        <line num="117" type="method" name="getProducts" crap="2" count="0"/>
        <line num="119" type="stmt" count="0"/>
        <metrics loc="123" ncloc="60" classes="1" methods="7" coveredmethods="4" conditionals="0" coveredconditionals="0" statements="10" coveredstatements="6" elements="17" coveredelements="10"/>
      </file>
      <file name="/var/www/symfony/src/AppBundle/Entity/Category.php">
        <class name="Category" namespace="AppBundle\Entity">
          <metrics methods="8" coveredmethods="5" conditionals="0" coveredconditionals="0" statements="12" coveredstatements="8" elements="20" coveredelements="13"/>
        </class>
        <line num="45" type="method" name="__construct" crap="1" count="2"/>
        <line num="47" type="stmt" count="2"/>
        <line num="48" type="stmt" count="2"/>
        <line num="55" type="method" name="getId" crap="2" count="0"/>
        <line num="57" type="stmt" count="0"/>
        <line num="67" type="method" name="setName" crap="1" count="2"/>
        <line num="69" type="stmt" count="2"/>
        <line num="71" type="stmt" count="2"/>
        <line num="79" type="method" name="getName" crap="1" count="1"/>
        <line num="81" type="stmt" count="1"/>
        <line num="91" type="method" name="setSlugUrl" crap="1" count="2"/>
        <line num="93" type="stmt" count="2"/>
        <line num="95" type="stmt" count="2"/>
        <line num="103" type="method" name="getSlugUrl" crap="1" count="1"/>
        <line num="105" type="stmt" count="1"/>
        <line num="112" type="method" name="addProduct" crap="2" count="0"/>
        <line num="114" type="stmt" count="0"/>
        <line num="115" type="stmt" count="0"/>
        <line num="121" type="method" name="getProducts" crap="2" count="0"/>
        <line num="123" type="stmt" count="0"/>
        <metrics loc="126" ncloc="63" classes="1" methods="8" coveredmethods="5" conditionals="0" coveredconditionals="0" statements="12" coveredstatements="8" elements="20" coveredelements="13"/>
      </file>
      <file name="/var/www/symfony/src/AppBundle/Entity/Product.php">
        <class name="Product" namespace="AppBundle\Entity">
          <metrics methods="11" coveredmethods="2" conditionals="0" coveredconditionals="0" statements="16" coveredstatements="3" elements="27" coveredelements="5"/>
        </class>
        <line num="68" type="method" name="getId" crap="2" count="0"/>
        <line num="70" type="stmt" count="0"/>
        <line num="80" type="method" name="setName" crap="1" count="2"/>
        <line num="82" type="stmt" count="2"/>
        <line num="84" type="stmt" count="2"/>
        <line num="92" type="method" name="getName" crap="1" count="1"/>
        <line num="94" type="stmt" count="1"/>
        <line num="104" type="method" name="setPrice" crap="2" count="0"/>
        <line num="106" type="stmt" count="0"/>
        <line num="108" type="stmt" count="0"/>
        <line num="116" type="method" name="getPrice" crap="2" count="0"/>
        <line num="118" type="stmt" count="0"/>
        <line num="128" type="method" name="setDescription" crap="2" count="0"/>
        <line num="130" type="stmt" count="0"/>
        <line num="132" type="stmt" count="0"/>
        <line num="140" type="method" name="getDescription" crap="2" count="0"/>
        <line num="142" type="stmt" count="0"/>
        <line num="148" type="method" name="getCategory" crap="2" count="0"/>
        <line num="150" type="stmt" count="0"/>
        <line num="157" type="method" name="setCategory" crap="2" count="0"/>
        <line num="159" type="stmt" count="0"/>
        <line num="161" type="stmt" count="0"/>
        <line num="167" type="method" name="getBrand" crap="2" count="0"/>
        <line num="169" type="stmt" count="0"/>
        <line num="176" type="method" name="setBrand" crap="2" count="0"/>
        <line num="178" type="stmt" count="0"/>
        <line num="179" type="stmt" count="0"/>
        <metrics loc="185" ncloc="90" classes="1" methods="11" coveredmethods="2" conditionals="0" coveredconditionals="0" statements="16" coveredstatements="3" elements="27" coveredelements="5"/>
      </file>
    </package>
    <package name="AppBundle\Repository">
      <file name="/var/www/symfony/src/AppBundle/Repository/BrandRepository.php">
        <class name="BrandRepository" namespace="AppBundle\Repository">
          <metrics methods="0" coveredmethods="0" conditionals="0" coveredconditionals="0" statements="0" coveredstatements="0" elements="0" coveredelements="0"/>
        </class>
        <metrics loc="13" ncloc="7" classes="1" methods="0" coveredmethods="0" conditionals="0" coveredconditionals="0" statements="0" coveredstatements="0" elements="0" coveredelements="0"/>
      </file>
      <file name="/var/www/symfony/src/AppBundle/Repository/CategoryRepository.php">
        <class name="CategoryRepository" namespace="AppBundle\Repository">
          <metrics methods="0" coveredmethods="0" conditionals="0" coveredconditionals="0" statements="0" coveredstatements="0" elements="0" coveredelements="0"/>
        </class>
        <metrics loc="13" ncloc="7" classes="1" methods="0" coveredmethods="0" conditionals="0" coveredconditionals="0" statements="0" coveredstatements="0" elements="0" coveredelements="0"/>
      </file>
      <file name="/var/www/symfony/src/AppBundle/Repository/ProductRepository.php">
        <class name="ProductRepository" namespace="AppBundle\Repository">
          <metrics methods="0" coveredmethods="0" conditionals="0" coveredconditionals="0" statements="0" coveredstatements="0" elements="0" coveredelements="0"/>
        </class>
        <metrics loc="13" ncloc="7" classes="1" methods="0" coveredmethods="0" conditionals="0" coveredconditionals="0" statements="0" coveredstatements="0" elements="0" coveredelements="0"/>
      </file>
    </package>
    <package name="AppBundle\Service">
      <file name="/var/www/symfony/src/AppBundle/Service/Brand.php">
        <class name="Brand" namespace="AppBundle\Service">
          <metrics methods="3" coveredmethods="1" conditionals="0" coveredconditionals="0" statements="10" coveredstatements="8" elements="13" coveredelements="9"/>
        </class>
        <line num="12" type="method" name="__construct" crap="1" count="3"/>
        <line num="14" type="stmt" count="3"/>
        <line num="15" type="stmt" count="3"/>
        <line num="22" type="method" name="getBrand" crap="2.06" count="2"/>
        <line num="24" type="stmt" count="2"/>
        <line num="25" type="stmt" count="1"/>
        <line num="26" type="stmt" count="0"/>
        <line num="28" type="stmt" count="1"/>
        <line num="35" type="method" name="getBrands" crap="3.14" count="1"/>
        <line num="37" type="stmt" count="1"/>
        <line num="38" type="stmt" count="1"/>
        <line num="39" type="stmt" count="0"/>
        <line num="41" type="stmt" count="1"/>
        <metrics loc="42" ncloc="32" classes="1" methods="3" coveredmethods="1" conditionals="0" coveredconditionals="0" statements="10" coveredstatements="8" elements="13" coveredelements="9"/>
      </file>
      <file name="/var/www/symfony/src/AppBundle/Service/Category.php">
        <class name="Category" namespace="AppBundle\Service">
          <metrics methods="3" coveredmethods="1" conditionals="0" coveredconditionals="0" statements="10" coveredstatements="8" elements="13" coveredelements="9"/>
        </class>
        <line num="12" type="method" name="__construct" crap="1" count="3"/>
        <line num="14" type="stmt" count="3"/>
        <line num="15" type="stmt" count="3"/>
        <line num="22" type="method" name="getCategory" crap="2.06" count="2"/>
        <line num="24" type="stmt" count="2"/>
        <line num="25" type="stmt" count="1"/>
        <line num="26" type="stmt" count="0"/>
        <line num="28" type="stmt" count="1"/>
        <line num="34" type="method" name="getCategories" crap="3.14" count="1"/>
        <line num="36" type="stmt" count="1"/>
        <line num="37" type="stmt" count="1"/>
        <line num="38" type="stmt" count="0"/>
        <line num="40" type="stmt" count="1"/>
        <metrics loc="41" ncloc="32" classes="1" methods="3" coveredmethods="1" conditionals="0" coveredconditionals="0" statements="10" coveredstatements="8" elements="13" coveredelements="9"/>
      </file>
      <file name="/var/www/symfony/src/AppBundle/Service/Product.php">
        <class name="Product" namespace="AppBundle\Service">
          <metrics methods="5" coveredmethods="1" conditionals="0" coveredconditionals="0" statements="18" coveredstatements="8" elements="23" coveredelements="9"/>
        </class>
        <line num="13" type="method" name="__construct" crap="1" count="3"/>
        <line num="15" type="stmt" count="3"/>
        <line num="16" type="stmt" count="3"/>
        <line num="23" type="method" name="getProduct" crap="2.06" count="2"/>
        <line num="25" type="stmt" count="2"/>
        <line num="26" type="stmt" count="1"/>
        <line num="27" type="stmt" count="0"/>
        <line num="29" type="stmt" count="1"/>
        <line num="35" type="method" name="getProducts" crap="3.14" count="1"/>
        <line num="37" type="stmt" count="1"/>
        <line num="38" type="stmt" count="1"/>
        <line num="39" type="stmt" count="0"/>
        <line num="41" type="stmt" count="1"/>
        <line num="48" type="method" name="getProductsByCategory" crap="20" count="0"/>
        <line num="50" type="stmt" count="0"/>
        <line num="52" type="stmt" count="0"/>
        <line num="53" type="stmt" count="0"/>
        <line num="55" type="stmt" count="0"/>
        <line num="61" type="method" name="getProductsByBrand" crap="20" count="0"/>
        <line num="63" type="stmt" count="0"/>
        <line num="65" type="stmt" count="0"/>
        <line num="66" type="stmt" count="0"/>
        <line num="68" type="stmt" count="0"/>
        <metrics loc="69" ncloc="52" classes="1" methods="5" coveredmethods="1" conditionals="0" coveredconditionals="0" statements="18" coveredstatements="8" elements="23" coveredelements="9"/>
      </file>
    </package>
    <metrics files="17" loc="905" ncloc="596" classes="17" methods="51" coveredmethods="14" conditionals="0" coveredconditionals="0" statements="190" coveredstatements="41" elements="241" coveredelements="55"/>
  </project>
</coverage>
